<?xml version="1.0" encoding="UTF-8"?>
<!-- Generated by org.testng.reporters.JUnitReportReporter -->
<testsuite skipped="0" hostname="Vinod" name="unitTests.Test2" tests="2" failures="0" timestamp="30 Sep 2018 15:39:49 GMT" time="0.015" errors="0">
  <testcase name="testAppraisalMoreThanTen" time="0.015" classname="unitTests.Test2"/>
  <testcase name="testAppraisalLessThanTen" time="0.000" classname="unitTests.Test2"/>
</testsuite> <!-- unitTests.Test2 -->
