<?xml version="1.0" encoding="UTF-8"?>
<!-- Generated by org.testng.reporters.JUnitReportReporter -->
<testsuite skipped="0" hostname="Vinod" name="unitTests.Test1" tests="1" failures="0" timestamp="30 Sep 2018 15:39:49 GMT" time="0.016" errors="0">
  <testcase name="testAnnualSal" time="0.016" classname="unitTests.Test1"/>
</testsuite> <!-- unitTests.Test1 -->
